10:13:04.979 [main] INFO  o.s.web.context.ContextLoader - Root WebApplicationContext: initialization started
10:13:05.106 [main] INFO  o.s.w.c.s.XmlWebApplicationContext - Refreshing Root WebApplicationContext: startup date [Mon Sep 25 10:13:05 CST 2017]; root of context hierarchy
10:13:05.148 [main] INFO  o.s.b.f.xml.XmlBeanDefinitionReader - Loading XML bean definitions from URL [file:/C:/Users/yjwang/git/ruban/module/monitor/target/classes/applicationContext.xml]
10:13:06.126 [main] INFO  c.r.f.c.s.RubanPropertyPlaceholderConfigurer - Loading properties file from class path resource [config.properties]
10:13:06.443 [main] INFO  o.s.web.context.ContextLoader - Root WebApplicationContext: initialization completed in 1452 ms
10:13:06.641 [main] INFO  o.s.web.servlet.DispatcherServlet - FrameworkServlet 'springServlet': initialization started
10:13:06.647 [main] INFO  o.s.w.c.s.XmlWebApplicationContext - Refreshing WebApplicationContext for namespace 'springServlet-servlet': startup date [Mon Sep 25 10:13:06 CST 2017]; parent: Root WebApplicationContext
10:13:06.659 [main] INFO  o.s.b.f.xml.XmlBeanDefinitionReader - Loading XML bean definitions from URL [file:/C:/Users/yjwang/git/ruban/module/monitor/target/classes/spring-mvc.xml]
10:13:06.842 [main] INFO  o.s.b.f.xml.XmlBeanDefinitionReader - Loading XML bean definitions from class path resource [com/ruban/framework/web/config/spring-default-mvc.xml]
10:13:07.575 [main] INFO  o.s.w.s.h.SimpleUrlHandlerMapping - Mapped URL path [/static/**] onto handler 'org.springframework.web.servlet.resource.ResourceHttpRequestHandler#0'
10:13:07.750 [main] INFO  o.h.validator.internal.util.Version - HV000001: Hibernate Validator 5.4.1.Final
10:13:07.985 [main] INFO  o.s.w.s.m.m.a.RequestMappingHandlerMapping - Mapped "{[/jvm/config/addServer]}" onto public java.lang.String com.ruban.monitor.jvm.controller.ConfigController.addServer(javax.servlet.http.HttpServletRequest)
10:13:07.991 [main] INFO  o.s.w.s.m.m.a.RequestMappingHandlerMapping - Mapped "{[/jvm/config/base]}" onto public java.lang.String com.ruban.monitor.jvm.controller.ConfigController.settingBase(org.springframework.ui.Model)
10:13:07.992 [main] INFO  o.s.w.s.m.m.a.RequestMappingHandlerMapping - Mapped "{[/jvm/config/updateServer]}" onto public java.lang.String com.ruban.monitor.jvm.controller.ConfigController.updateServer(javax.servlet.http.HttpServletRequest)
10:13:07.993 [main] INFO  o.s.w.s.m.m.a.RequestMappingHandlerMapping - Mapped "{[/jvm/config/deleteServer]}" onto public java.lang.String com.ruban.monitor.jvm.controller.ConfigController.deleteServer(javax.servlet.http.HttpServletRequest)
10:13:07.999 [main] INFO  o.s.w.s.m.m.a.RequestMappingHandlerMapping - Mapped "{[/jvm/monitor/start]}" onto public java.lang.String com.ruban.monitor.jvm.controller.MonitorController.start(javax.servlet.http.HttpServletRequest)
10:13:07.999 [main] INFO  o.s.w.s.m.m.a.RequestMappingHandlerMapping - Mapped "{[/jvm/monitor/stop]}" onto public java.lang.String com.ruban.monitor.jvm.controller.MonitorController.stop(javax.servlet.http.HttpServletRequest)
10:13:08.002 [main] INFO  o.s.w.s.m.m.a.RequestMappingHandlerMapping - Mapped "{[/jvm/monitor/runtime]}" onto public java.lang.String com.ruban.monitor.jvm.controller.MonitorController.runtime(org.springframework.ui.Model,javax.servlet.http.HttpServletRequest)
10:13:08.002 [main] INFO  o.s.w.s.m.m.a.RequestMappingHandlerMapping - Mapped "{[/jvm/monitor/memory]}" onto public java.lang.String com.ruban.monitor.jvm.controller.MonitorController.memory(org.springframework.ui.Model,javax.servlet.http.HttpServletRequest)
10:13:08.003 [main] INFO  o.s.w.s.m.m.a.RequestMappingHandlerMapping - Mapped "{[/jvm/monitor/os]}" onto public java.lang.String com.ruban.monitor.jvm.controller.MonitorController.os(org.springframework.ui.Model,javax.servlet.http.HttpServletRequest)
10:13:08.004 [main] INFO  o.s.w.s.m.m.a.RequestMappingHandlerMapping - Mapped "{[/jvm/monitor/classload]}" onto public java.lang.String com.ruban.monitor.jvm.controller.MonitorController.classload(org.springframework.ui.Model,javax.servlet.http.HttpServletRequest)
10:13:08.017 [main] INFO  o.s.w.s.m.m.a.RequestMappingHandlerMapping - Mapped "{[/memcached/config/server]}" onto public java.lang.String com.ruban.monitor.memcached.controller.ConfigController.server(org.springframework.ui.Model)
10:13:08.019 [main] INFO  o.s.w.s.m.m.a.RequestMappingHandlerMapping - Mapped "{[/memcached/config/warn]}" onto public java.lang.String com.ruban.monitor.memcached.controller.ConfigController.warn(org.springframework.ui.Model)
10:13:08.022 [main] INFO  o.s.w.s.m.m.a.RequestMappingHandlerMapping - Mapped "{[/memcached/config/addServer]}" onto public java.lang.String com.ruban.monitor.memcached.controller.ConfigController.addServer(javax.servlet.http.HttpServletRequest)
10:13:08.025 [main] INFO  o.s.w.s.m.m.a.RequestMappingHandlerMapping - Mapped "{[/memcached/config/base]}" onto public java.lang.String com.ruban.monitor.memcached.controller.ConfigController.settingBase(org.springframework.ui.Model)
10:13:08.026 [main] INFO  o.s.w.s.m.m.a.RequestMappingHandlerMapping - Mapped "{[/memcached/config/updateServer]}" onto public java.lang.String com.ruban.monitor.memcached.controller.ConfigController.updateServer(javax.servlet.http.HttpServletRequest)
10:13:08.030 [main] INFO  o.s.w.s.m.m.a.RequestMappingHandlerMapping - Mapped "{[/memcached/config/deleteServer]}" onto public java.lang.String com.ruban.monitor.memcached.controller.ConfigController.deleteServer(javax.servlet.http.HttpServletRequest)
10:13:08.031 [main] INFO  o.s.w.s.m.m.a.RequestMappingHandlerMapping - Mapped "{[/memcached/config/warnSave]}" onto public java.lang.String com.ruban.monitor.memcached.controller.ConfigController.warnSave(javax.servlet.http.HttpServletRequest)
10:13:08.032 [main] INFO  o.s.w.s.m.m.a.RequestMappingHandlerMapping - Mapped "{[/memcached/config/baseSave],methods=[POST]}" onto public java.lang.String com.ruban.monitor.memcached.controller.ConfigController.settingBaseSave(javax.servlet.http.HttpServletRequest)
10:13:08.033 [main] INFO  o.s.w.s.m.m.a.RequestMappingHandlerMapping - Mapped "{[/memcached/config/serializable/page]}" onto public java.lang.String com.ruban.monitor.memcached.controller.ConfigController.settingSerializablePage(org.springframework.ui.Model)
10:13:08.034 [main] INFO  o.s.w.s.m.m.a.RequestMappingHandlerMapping - Mapped "{[/memcached/config/serializable]}" onto public java.lang.String com.ruban.monitor.memcached.controller.ConfigController.settingSerializable(org.springframework.ui.Model,javax.servlet.http.HttpServletRequest)
10:13:08.043 [main] INFO  o.s.w.s.m.m.a.RequestMappingHandlerMapping - Mapped "{[/memcached/monitor/size]}" onto public java.lang.String com.ruban.monitor.memcached.controller.MonitorController.size(org.springframework.ui.Model)
10:13:08.057 [main] INFO  o.s.w.s.m.m.a.RequestMappingHandlerMapping - Mapped "{[/memcached/monitor/start]}" onto public java.lang.String com.ruban.monitor.memcached.controller.MonitorController.start()
10:13:08.058 [main] INFO  o.s.w.s.m.m.a.RequestMappingHandlerMapping - Mapped "{[/memcached/monitor/stop]}" onto public java.lang.String com.ruban.monitor.memcached.controller.MonitorController.stop()
10:13:08.061 [main] INFO  o.s.w.s.m.m.a.RequestMappingHandlerMapping - Mapped "{[/memcached/monitor/items]}" onto public java.lang.String com.ruban.monitor.memcached.controller.MonitorController.items(org.springframework.ui.Model)
10:13:08.062 [main] INFO  o.s.w.s.m.m.a.RequestMappingHandlerMapping - Mapped "{[/memcached/monitor/stats]}" onto public java.lang.String com.ruban.monitor.memcached.controller.MonitorController.stats(org.springframework.ui.Model)
10:13:08.063 [main] INFO  o.s.w.s.m.m.a.RequestMappingHandlerMapping - Mapped "{[/memcached/monitor/setting]}" onto public java.lang.String com.ruban.monitor.memcached.controller.MonitorController.setting(org.springframework.ui.Model)
10:13:08.063 [main] INFO  o.s.w.s.m.m.a.RequestMappingHandlerMapping - Mapped "{[/memcached/monitor/chart]}" onto public java.lang.String com.ruban.monitor.memcached.controller.MonitorController.chart(org.springframework.ui.Model,javax.servlet.http.HttpServletRequest)
10:13:08.063 [main] INFO  o.s.w.s.m.m.a.RequestMappingHandlerMapping - Mapped "{[/memcached/monitor/drawChart]}" onto public java.lang.String com.ruban.monitor.memcached.controller.MonitorController.drawChart(org.springframework.ui.Model,javax.servlet.http.HttpServletRequest)
10:13:08.075 [main] INFO  o.s.w.s.m.m.a.RequestMappingHandlerMapping - Mapped "{[/memcached/opt/write]}" onto public java.lang.String com.ruban.monitor.memcached.controller.OperationController.write(org.springframework.ui.Model,javax.servlet.http.HttpServletRequest)
10:13:08.077 [main] INFO  o.s.w.s.m.m.a.RequestMappingHandlerMapping - Mapped "{[/memcached/opt/read]}" onto public java.lang.String com.ruban.monitor.memcached.controller.OperationController.read(org.springframework.ui.Model,javax.servlet.http.HttpServletRequest)
10:13:08.078 [main] INFO  o.s.w.s.m.m.a.RequestMappingHandlerMapping - Mapped "{[/memcached/opt/data/list]}" onto public java.lang.String com.ruban.monitor.memcached.controller.OperationController.list(org.springframework.ui.Model,javax.servlet.http.HttpServletRequest)
10:13:08.078 [main] INFO  o.s.w.s.m.m.a.RequestMappingHandlerMapping - Mapped "{[/memcached/opt/flush]}" onto public java.lang.String com.ruban.monitor.memcached.controller.OperationController.flush(org.springframework.ui.Model,javax.servlet.http.HttpServletRequest)
10:13:08.079 [main] INFO  o.s.w.s.m.m.a.RequestMappingHandlerMapping - Mapped "{[/memcached/opt/touch]}" onto public java.lang.String com.ruban.monitor.memcached.controller.OperationController.touch(org.springframework.ui.Model,javax.servlet.http.HttpServletRequest)
10:13:08.080 [main] INFO  o.s.w.s.m.m.a.RequestMappingHandlerMapping - Mapped "{[/memcached/opt/touch/page]}" onto public java.lang.String com.ruban.monitor.memcached.controller.OperationController.touchPage()
10:13:08.080 [main] INFO  o.s.w.s.m.m.a.RequestMappingHandlerMapping - Mapped "{[/memcached/opt/flush/page]}" onto public java.lang.String com.ruban.monitor.memcached.controller.OperationController.flushPage()
10:13:08.081 [main] INFO  o.s.w.s.m.m.a.RequestMappingHandlerMapping - Mapped "{[/memcached/opt/read/page]}" onto public java.lang.String com.ruban.monitor.memcached.controller.OperationController.readPage()
10:13:08.082 [main] INFO  o.s.w.s.m.m.a.RequestMappingHandlerMapping - Mapped "{[/memcached/opt/write/page]}" onto public java.lang.String com.ruban.monitor.memcached.controller.OperationController.writePage()
10:13:08.086 [main] INFO  o.s.w.s.m.m.a.RequestMappingHandlerMapping - Mapped "{[/main]}" onto public java.lang.String com.ruban.monitor.server.controller.MainController.index(org.springframework.ui.Model)
10:13:08.086 [main] INFO  o.s.w.s.m.m.a.RequestMappingHandlerMapping - Mapped "{[/logout],methods=[GET]}" onto public java.lang.String com.ruban.monitor.server.controller.MainController.logout(org.springframework.ui.Model,javax.servlet.http.HttpServletRequest)
10:13:08.086 [main] INFO  o.s.w.s.m.m.a.RequestMappingHandlerMapping - Mapped "{[/login],methods=[POST]}" onto public java.lang.String com.ruban.monitor.server.controller.MainController.login(org.springframework.ui.Model,javax.servlet.http.HttpServletRequest)
10:13:08.087 [main] INFO  o.s.w.s.m.m.a.RequestMappingHandlerMapping - Mapped "{[/login],methods=[GET]}" onto public java.lang.String com.ruban.monitor.server.controller.MainController.login(org.springframework.ui.Model)
10:13:08.090 [main] INFO  o.s.w.s.m.m.a.RequestMappingHandlerMapping - Mapped "{[/server/index]}" onto public java.lang.String com.ruban.monitor.server.controller.ServerController.index(org.springframework.ui.Model)
10:13:08.091 [main] INFO  o.s.w.s.m.m.a.RequestMappingHandlerMapping - Mapped "{[/server/redisSave],methods=[POST]}" onto public java.lang.String com.ruban.monitor.server.controller.ServerController.save(org.springframework.ui.Model,javax.servlet.http.HttpServletRequest)
10:13:08.092 [main] INFO  o.s.w.s.m.m.a.RequestMappingHandlerMapping - Mapped "{[/server/wechatSave],methods=[POST]}" onto public java.lang.String com.ruban.monitor.server.controller.ServerController.wechatSave(org.springframework.ui.Model,javax.servlet.http.HttpServletRequest)
10:13:08.092 [main] INFO  o.s.w.s.m.m.a.RequestMappingHandlerMapping - Mapped "{[/server/wechat]}" onto public java.lang.String com.ruban.monitor.server.controller.ServerController.wechat(org.springframework.ui.Model)
10:13:08.092 [main] INFO  o.s.w.s.m.m.a.RequestMappingHandlerMapping - Mapped "{[/server/dbSave]}" onto public java.lang.String com.ruban.monitor.server.controller.ServerController.dbSave(org.springframework.ui.Model,javax.servlet.http.HttpServletRequest)
10:13:08.096 [main] INFO  o.s.w.s.m.m.a.RequestMappingHandlerMapping - Mapped "{[/user/main]}" onto public java.lang.String com.ruban.monitor.server.controller.UserController.main(org.springframework.ui.Model,javax.servlet.http.HttpServletRequest)
10:13:08.097 [main] INFO  o.s.w.s.m.m.a.RequestMappingHandlerMapping - Mapped "{[/user/add]}" onto public java.lang.String com.ruban.monitor.server.controller.UserController.add(org.springframework.ui.Model,javax.servlet.http.HttpServletRequest)
10:13:08.098 [main] INFO  o.s.w.s.m.m.a.RequestMappingHandlerMapping - Mapped "{[/user/update]}" onto public java.lang.String com.ruban.monitor.server.controller.UserController.update(org.springframework.ui.Model,javax.servlet.http.HttpServletRequest)
10:13:08.098 [main] INFO  o.s.w.s.m.m.a.RequestMappingHandlerMapping - Mapped "{[/user/delete]}" onto public java.lang.String com.ruban.monitor.server.controller.UserController.delete(javax.servlet.http.HttpServletRequest)
10:13:08.098 [main] INFO  o.s.w.s.m.m.a.RequestMappingHandlerMapping - Mapped "{[/user/start]}" onto public java.lang.String com.ruban.monitor.server.controller.UserController.start(javax.servlet.http.HttpServletRequest)
10:13:08.099 [main] INFO  o.s.w.s.m.m.a.RequestMappingHandlerMapping - Mapped "{[/user/stop]}" onto public java.lang.String com.ruban.monitor.server.controller.UserController.stop(javax.servlet.http.HttpServletRequest)
10:13:08.099 [main] INFO  o.s.w.s.m.m.a.RequestMappingHandlerMapping - Mapped "{[/user/warn]}" onto public java.lang.String com.ruban.monitor.server.controller.UserController.warn(org.springframework.ui.Model,javax.servlet.http.HttpServletRequest)
10:13:08.099 [main] INFO  o.s.w.s.m.m.a.RequestMappingHandlerMapping - Mapped "{[/user/updatePassword]}" onto public java.lang.String com.ruban.monitor.server.controller.UserController.updatePassword(org.springframework.ui.Model,javax.servlet.http.HttpServletRequest)
10:13:08.106 [main] INFO  o.s.w.s.m.m.a.RequestMappingHandlerMapping - Mapped "{[/warn/index]}" onto public java.lang.String com.ruban.monitor.server.controller.WarnController.index(org.springframework.ui.Model,javax.servlet.http.HttpServletRequest)
10:13:08.107 [main] INFO  o.s.w.s.m.m.a.RequestMappingHandlerMapping - Mapped "{[/warn/sms/delete]}" onto public java.lang.String com.ruban.monitor.server.controller.WarnController.delete(javax.servlet.http.HttpServletRequest)
10:13:08.108 [main] INFO  o.s.w.s.m.m.a.RequestMappingHandlerMapping - Mapped "{[/warn/email/config]}" onto public java.lang.String com.ruban.monitor.server.controller.WarnController.emailConfig(org.springframework.ui.Model,javax.servlet.http.HttpServletRequest)
10:13:08.109 [main] INFO  o.s.w.s.m.m.a.RequestMappingHandlerMapping - Mapped "{[/warn/sms/config]}" onto public java.lang.String com.ruban.monitor.server.controller.WarnController.smsConfig(org.springframework.ui.Model,javax.servlet.http.HttpServletRequest)
10:13:08.109 [main] INFO  o.s.w.s.m.m.a.RequestMappingHandlerMapping - Mapped "{[/warn/sms/list]}" onto public java.lang.String com.ruban.monitor.server.controller.WarnController.templateList(org.springframework.ui.Model,javax.servlet.http.HttpServletRequest)
10:13:08.109 [main] INFO  o.s.w.s.m.m.a.RequestMappingHandlerMapping - Mapped "{[/warn/email/sendTest]}" onto public java.lang.String com.ruban.monitor.server.controller.WarnController.sendEmailTest(org.springframework.ui.Model,javax.servlet.http.HttpServletRequest)
10:13:08.110 [main] INFO  o.s.w.s.m.m.a.RequestMappingHandlerMapping - Mapped "{[/warn/sms/add]}" onto public java.lang.String com.ruban.monitor.server.controller.WarnController.addSmsTemplate(org.springframework.ui.Model,javax.servlet.http.HttpServletRequest)
10:13:08.110 [main] INFO  o.s.w.s.m.m.a.RequestMappingHandlerMapping - Mapped "{[/warn/sms/update]}" onto public java.lang.String com.ruban.monitor.server.controller.WarnController.updateSmsTemplate(org.springframework.ui.Model,javax.servlet.http.HttpServletRequest)
10:13:08.596 [main] INFO  o.s.w.s.m.m.a.RequestMappingHandlerAdapter - Looking for @ControllerAdvice: WebApplicationContext for namespace 'springServlet-servlet': startup date [Mon Sep 25 10:13:06 CST 2017]; parent: Root WebApplicationContext
10:13:08.710 [main] INFO  o.s.w.s.m.m.a.RequestMappingHandlerAdapter - Looking for @ControllerAdvice: WebApplicationContext for namespace 'springServlet-servlet': startup date [Mon Sep 25 10:13:06 CST 2017]; parent: Root WebApplicationContext
10:13:08.914 [main] INFO  o.s.s.c.ThreadPoolTaskScheduler - Initializing ExecutorService  'taskScheduler'
10:13:09.428 [main] INFO  o.s.web.servlet.DispatcherServlet - FrameworkServlet 'springServlet': initialization completed in 2786 ms
10:16:09.284 [qtp667447085-45] WARN  o.s.web.servlet.PageNotFound - No mapping found for HTTP request with URI [/favicon.ico] in DispatcherServlet with name 'springServlet'
10:16:09.289 [qtp667447085-45] WARN  o.s.web.servlet.PageNotFound - No mapping found for HTTP request with URI [/error/404.html] in DispatcherServlet with name 'springServlet'
10:48:07.270 [qtp667447085-146] WARN  o.s.web.servlet.PageNotFound - No mapping found for HTTP request with URI [/favicon.ico] in DispatcherServlet with name 'springServlet'
10:48:07.272 [qtp667447085-146] WARN  o.s.web.servlet.PageNotFound - No mapping found for HTTP request with URI [/error/404.html] in DispatcherServlet with name 'springServlet'
11:14:54.729 [qtp667447085-204] WARN  o.s.web.servlet.PageNotFound - No mapping found for HTTP request with URI [/favicon.ico] in DispatcherServlet with name 'springServlet'
11:14:54.731 [qtp667447085-204] WARN  o.s.web.servlet.PageNotFound - No mapping found for HTTP request with URI [/error/404.html] in DispatcherServlet with name 'springServlet'
11:14:54.758 [qtp667447085-198] WARN  o.s.web.servlet.PageNotFound - No mapping found for HTTP request with URI [/favicon.ico] in DispatcherServlet with name 'springServlet'
11:14:54.760 [qtp667447085-198] WARN  o.s.web.servlet.PageNotFound - No mapping found for HTTP request with URI [/error/404.html] in DispatcherServlet with name 'springServlet'
11:15:02.537 [qtp667447085-198] WARN  o.s.web.servlet.PageNotFound - No mapping found for HTTP request with URI [/favicon.ico] in DispatcherServlet with name 'springServlet'
11:15:02.538 [qtp667447085-198] WARN  o.s.web.servlet.PageNotFound - No mapping found for HTTP request with URI [/error/404.html] in DispatcherServlet with name 'springServlet'
11:15:10.102 [qtp667447085-212] WARN  o.s.web.servlet.PageNotFound - No mapping found for HTTP request with URI [/favicon.ico] in DispatcherServlet with name 'springServlet'
11:15:10.105 [qtp667447085-212] WARN  o.s.web.servlet.PageNotFound - No mapping found for HTTP request with URI [/error/404.html] in DispatcherServlet with name 'springServlet'
11:16:36.169 [qtp667447085-208] INFO  com.ruban.monitor.jvm.JmxMonitor - connect to 127.0.0.1:9999
